#
# A fatal error has been detected by the Java Runtime Environment:
#
#  EXCEPTION_ACCESS_VIOLATION (0xc0000005) at pc=0x00007ff8ad303bcc, pid=10324, tid=0x0000000000004640
#
# JRE version: OpenJDK Runtime Environment (8.0_302-b08) (build 1.8.0_302-b08)
# Java VM: OpenJDK 64-Bit Server VM (25.302-b08 mixed mode windows-amd64 compressed oops)
# Problematic frame:
# C  [igxelpicd64.dll+0x2c3bcc]
#
# Failed to write core dump. Minidumps are not enabled by default on client versions of Windows
#
# If you would like to submit a bug report, please visit:
#   https://github.com/adoptium/adoptium-support/issues
# The crash happened outside the Java Virtual Machine in native code.
# See problematic frame for where to report the bug.
#

---------------  T H R E A D  ---------------

Current thread (0x0000016c7ebc3800):  JavaThread "JDWP Transport Listener: dt_socket" daemon [_thread_in_native, id=17984, stack(0x0000002348700000,0x0000002348800000)]

siginfo: ExceptionCode=0xc0000005, reading address 0x0000000000035718

Registers:
RAX=0x0000016c0aaec078, RBX=0x0000016c0aaebf70, RCX=0x0000000000000000, RDX=0x0000000000000000
RSP=0x00000023487fe670, RBP=0x0000000000000000, RSI=0x0000016c0aaec540, RDI=0x0000016c0a231260
R8 =0x0000000000000014, R9 =0x0000000000000000, R10=0x0000000000000000, R11=0x0000000000000000
R12=0x0000000000000000, R13=0x0000016c0a1e3ca0, R14=0x0000000000014200, R15=0x0000000000000016
RIP=0x00007ff8ad303bcc, EFLAGS=0x0000000000010206

Top of Stack: (sp=0x00000023487fe670)
0x00000023487fe670:   0000016c08d7a700 0000000000000000
0x00000023487fe680:   009738c9016e2cc9 00007ff938412c94
0x00000023487fe690:   023353cb01cf96ca 005649cc00da74cb
0x00000023487fe6a0:   0105adcd024119cd 01e099ce0283bacd
0x00000023487fe6b0:   0000016c0a616a60 00000000000142fa
0x00000023487fe6c0:   0000000000000000 0000000000000012
0x00000023487fe6d0:   0000000000000000 0000000000000000
0x00000023487fe6e0:   00000023487fe7f0 00007ff8ad2de02c
0x00000023487fe6f0:   0000016c08d7a700 0000016c0a231260
0x00000023487fe700:   0240a0d4019a4800 018839d50291c700
0x00000023487fe710:   000000230000148c 0000b8021c300000
0x00000023487fe720:   0000000000000000 01e940d900aa3dd9
0x00000023487fe730:   01730bda022161d9 01c838da023e16da
0x00000023487fe740:   013125db0184ffda 023ee2db02147adb
0x00000023487fe750:   021545dc026fe5db 00007ff8ad35fdff
0x00000023487fe760:   0237efde022769de 02327bdf024329df 

Instructions: (pc=0x00007ff8ad303bcc)
0x00007ff8ad303bac:   83 17 01 00 00 48 8d 04 d5 21 00 00 00 48 03 c2
0x00007ff8ad303bbc:   48 8d 04 c3 48 85 c0 0f 85 2e 01 00 00 49 8b cb
0x00007ff8ad303bcc:   48 3b 8d 18 57 03 00 0f 87 f3 02 00 00 4c 39 9b
0x00007ff8ad303bdc:   48 06 00 00 0f 85 4f 1f 70 00 44 8b 97 c8 01 00 


Register to memory mapping:

RAX=0x0000016c0aaec078 is an unknown value
RBX=0x0000016c0aaebf70 is an unknown value
RCX=0x0000000000000000 is an unknown value
RDX=0x0000000000000000 is an unknown value
RSP=0x00000023487fe670 is pointing into the stack for thread: 0x0000016c7ebc3800
RBP=0x0000000000000000 is an unknown value
RSI=0x0000016c0aaec540 is an unknown value
RDI=0x0000016c0a231260 is an unknown value
R8 =0x0000000000000014 is an unknown value
R9 =0x0000000000000000 is an unknown value
R10=0x0000000000000000 is an unknown value
R11=0x0000000000000000 is an unknown value
R12=0x0000000000000000 is an unknown value
R13=0x0000016c0a1e3ca0 is an unknown value
R14=0x0000000000014200 is an unknown value
R15=0x0000000000000016 is an unknown value


Stack: [0x0000002348700000,0x0000002348800000],  sp=0x00000023487fe670,  free space=1017k
Native frames: (J=compiled Java code, j=interpreted, Vv=VM code, C=native code)


---------------  P R O C E S S  ---------------

Java Threads: ( => current thread )
  0x0000016c0a22a000 JavaThread "LWJGL3 Timer" daemon [_thread_blocked, id=11456, stack(0x0000002349800000,0x0000002349900000)]
  0x0000016c081e3000 JavaThread "Service Thread" daemon [_thread_blocked, id=17496, stack(0x0000002348e00000,0x0000002348f00000)]
  0x0000016c7ebef000 JavaThread "C1 CompilerThread3" daemon [_thread_blocked, id=8452, stack(0x0000002348d00000,0x0000002348e00000)]
  0x0000016c7ebe8800 JavaThread "C2 CompilerThread2" daemon [_thread_blocked, id=1508, stack(0x0000002348c00000,0x0000002348d00000)]
  0x0000016c7ebe7800 JavaThread "C2 CompilerThread1" daemon [_thread_blocked, id=3184, stack(0x0000002348b00000,0x0000002348c00000)]
  0x0000016c7ebea800 JavaThread "C2 CompilerThread0" daemon [_thread_blocked, id=17768, stack(0x0000002348a00000,0x0000002348b00000)]
  0x0000016c7ebcc000 JavaThread "JDWP Event Helper Thread" daemon [_thread_blocked, id=11044, stack(0x0000002348800000,0x0000002348900000)]
=>0x0000016c7ebc3800 JavaThread "JDWP Transport Listener: dt_socket" daemon [_thread_in_native, id=17984, stack(0x0000002348700000,0x0000002348800000)]
  0x0000016c7eba0000 JavaThread "Attach Listener" daemon [_thread_blocked, id=17728, stack(0x0000002348600000,0x0000002348700000)]
  0x0000016c7eb9b000 JavaThread "Signal Dispatcher" daemon [_thread_blocked, id=15404, stack(0x0000002348500000,0x0000002348600000)]
  0x0000016c7df6c800 JavaThread "Finalizer" daemon [_thread_blocked, id=15904, stack(0x0000002348400000,0x0000002348500000)]
  0x0000016c7eb69800 JavaThread "Reference Handler" daemon [_thread_blocked, id=6576, stack(0x0000002348300000,0x0000002348400000)]
  0x0000016c6b3ba800 JavaThread "main" [_thread_in_native, id=18036, stack(0x0000002347900000,0x0000002347a00000)]

Other Threads:
  0x0000016c7eb43800 VMThread [stack: 0x0000002348200000,0x0000002348300000] [id=21256]
  0x0000016c081eb800 WatcherThread [stack: 0x0000002348f00000,0x0000002349000000] [id=17744]

VM state:not at safepoint (normal execution)

VM Mutex/Monitor currently owned by a thread: None

heap address: 0x00000006c3600000, size: 4042 MB, Compressed Oops mode: Zero based, Oop shift amount: 3
Narrow klass base: 0x0000000000000000, Narrow klass shift: 3
Compressed class space size: 1073741824 Address: 0x00000007c0000000

Heap:
 PSYoungGen      total 75776K, used 66592K [0x000000076bd00000, 0x0000000771180000, 0x00000007c0000000)
  eden space 65024K, 93% used [0x000000076bd00000,0x000000076f8a7ed8,0x000000076fc80000)
  from space 10752K, 51% used [0x000000076fc80000,0x00000007701e0180,0x0000000770700000)
  to   space 10752K, 0% used [0x0000000770700000,0x0000000770700000,0x0000000771180000)
 ParOldGen       total 173568K, used 80K [0x00000006c3600000, 0x00000006cdf80000, 0x000000076bd00000)
  object space 173568K, 0% used [0x00000006c3600000,0x00000006c3614010,0x00000006cdf80000)
 Metaspace       used 10484K, capacity 10744K, committed 10880K, reserved 1058816K
  class space    used 962K, capacity 1058K, committed 1152K, reserved 1048576K

Card table byte_map: [0x0000016c7c140000,0x0000016c7c930000] byte_map_base: 0x0000016c78b25000

Marking Bits: (ParMarkBitMap*) 0x0000000074b8c820
 Begin Bits: [0x0000016c00000000, 0x0000016c03f28000)
 End Bits:   [0x0000016c03f28000, 0x0000016c07e50000)

Polling page: 0x0000016c6b490000

CodeCache: size=245760Kb used=5358Kb max_used=5372Kb free=240401Kb
 bounds [0x0000016c6cd80000, 0x0000016c6d2d0000, 0x0000016c7bd80000]
 total_blobs=2278 nmethods=1330 adapters=868
 compilation: enabled

Compilation events (10 events):
Event: 32.525 Thread 0x0000016c7ebe8800 nmethod 1324 0x0000016c6d2b9810 code [0x0000016c6d2b9b80, 0x0000016c6d2bee90]
Event: 32.528 Thread 0x0000016c7ebe7800 nmethod 1326 0x0000016c6d27fd50 code [0x0000016c6d27fea0, 0x0000016c6d280098]
Event: 32.541 Thread 0x0000016c7ebea800 1327       4       com.badlogic.gdx.scenes.scene2d.ui.ImageTextButton::getImageDrawable (183 bytes)
Event: 32.543 Thread 0x0000016c7ebea800 nmethod 1327 0x0000016c6d286910 code [0x0000016c6d286a60, 0x0000016c6d286c18]
Event: 32.558 Thread 0x0000016c7ebe8800 1328       4       com.badlogic.gdx.scenes.scene2d.ui.ImageTextButton::draw (25 bytes)
Event: 32.582 Thread 0x0000016c7ebe8800 nmethod 1328 0x0000016c6d2b4f90 code [0x0000016c6d2b51c0, 0x0000016c6d2b6578]
Event: 33.604 Thread 0x0000016c7ebe7800 1329       4       com.badlogic.gdx.utils.BufferUtils::copy (45 bytes)
Event: 33.606 Thread 0x0000016c7ebe7800 nmethod 1329 0x0000016c6d286410 code [0x0000016c6d286560, 0x0000016c6d2866e8]
Event: 34.542 Thread 0x0000016c7ebea800 1330   !   4       java.io.FileInputStream::close (62 bytes)
Event: 34.552 Thread 0x0000016c7ebea800 nmethod 1330 0x0000016c6d280e90 code [0x0000016c6d281000, 0x0000016c6d281888]

GC Heap History (2 events):
Event: 15.239 GC heap before
{Heap before GC invocations=1 (full 0):
 PSYoungGen      total 75776K, used 65024K [0x000000076bd00000, 0x0000000771180000, 0x00000007c0000000)
  eden space 65024K, 100% used [0x000000076bd00000,0x000000076fc80000,0x000000076fc80000)
  from space 10752K, 0% used [0x0000000770700000,0x0000000770700000,0x0000000771180000)
  to   space 10752K, 0% used [0x000000076fc80000,0x000000076fc80000,0x0000000770700000)
 ParOldGen       total 173568K, used 0K [0x00000006c3600000, 0x00000006cdf80000, 0x000000076bd00000)
  object space 173568K, 0% used [0x00000006c3600000,0x00000006c3600000,0x00000006cdf80000)
 Metaspace       used 10476K, capacity 10744K, committed 10880K, reserved 1058816K
  class space    used 962K, capacity 1058K, committed 1152K, reserved 1048576K
Event: 15.246 GC heap after
Heap after GC invocations=1 (full 0):
 PSYoungGen      total 75776K, used 5504K [0x000000076bd00000, 0x0000000771180000, 0x00000007c0000000)
  eden space 65024K, 0% used [0x000000076bd00000,0x000000076bd00000,0x000000076fc80000)
  from space 10752K, 51% used [0x000000076fc80000,0x00000007701e0180,0x0000000770700000)
  to   space 10752K, 0% used [0x0000000770700000,0x0000000770700000,0x0000000771180000)
 ParOldGen       total 173568K, used 80K [0x00000006c3600000, 0x00000006cdf80000, 0x000000076bd00000)
  object space 173568K, 0% used [0x00000006c3600000,0x00000006c3614010,0x00000006cdf80000)
 Metaspace       used 10476K, capacity 10744K, committed 10880K, reserved 1058816K
  class space    used 962K, capacity 1058K, committed 1152K, reserved 1048576K
}

Deoptimization events (2 events):
Event: 1.259 Thread 0x0000016c6b3ba800 Uncommon trap: reason=unstable_if action=reinterpret pc=0x0000016c6cfda254 method=java.util.HashMap.getNode(ILjava/lang/Object;)Ljava/util/HashMap$Node; @ 116
Event: 1.666 Thread 0x0000016c6b3ba800 Uncommon trap: reason=unstable_if action=reinterpret pc=0x0000016c6cfd84ec method=java.util.HashMap.getNode(ILjava/lang/Object;)Ljava/util/HashMap$Node; @ 116

Classes redefined (0 events):
No events

Internal exceptions (10 events):
Event: 1.238 Thread 0x0000016c6b3ba800 Exception <a 'java/security/PrivilegedActionException'> (0x000000076cd3be00) thrown at [J:\jenkins\tmp\workspace\build\src\hotspot\src\share\vm\prims\jvm.cpp, line 1523]
Event: 1.238 Thread 0x0000016c6b3ba800 Exception <a 'java/security/PrivilegedActionException'> (0x000000076cd3c010) thrown at [J:\jenkins\tmp\workspace\build\src\hotspot\src\share\vm\prims\jvm.cpp, line 1523]
Event: 1.264 Thread 0x0000016c6b3ba800 Exception <a 'sun/nio/fs/WindowsException'> (0x000000076cd813f8) thrown at [J:\jenkins\tmp\workspace\build\src\hotspot\src\share\vm\prims\jni.cpp, line 711]
Event: 1.264 Thread 0x0000016c6b3ba800 Exception <a 'sun/nio/fs/WindowsException'> (0x000000076cd81b30) thrown at [J:\jenkins\tmp\workspace\build\src\hotspot\src\share\vm\prims\jni.cpp, line 711]
Event: 1.267 Thread 0x0000016c6b3ba800 Exception <a 'sun/nio/fs/WindowsException'> (0x000000076cd92800) thrown at [J:\jenkins\tmp\workspace\build\src\hotspot\src\share\vm\prims\jni.cpp, line 711]
Event: 1.267 Thread 0x0000016c6b3ba800 Exception <a 'sun/nio/fs/WindowsException'> (0x000000076cd92df0) thrown at [J:\jenkins\tmp\workspace\build\src\hotspot\src\share\vm\prims\jni.cpp, line 711]
Event: 1.456 Thread 0x0000016c6b3ba800 Exception <a 'java/security/PrivilegedActionException'> (0x000000076cf029e0) thrown at [J:\jenkins\tmp\workspace\build\src\hotspot\src\share\vm\prims\jvm.cpp, line 1523]
Event: 1.456 Thread 0x0000016c6b3ba800 Exception <a 'java/security/PrivilegedActionException'> (0x000000076cf02bf0) thrown at [J:\jenkins\tmp\workspace\build\src\hotspot\src\share\vm\prims\jvm.cpp, line 1523]
Event: 1.628 Thread 0x0000016c6b3ba800 Exception <a 'java/security/PrivilegedActionException'> (0x000000076d1d5c88) thrown at [J:\jenkins\tmp\workspace\build\src\hotspot\src\share\vm\prims\jvm.cpp, line 1523]
Event: 1.628 Thread 0x0000016c6b3ba800 Exception <a 'java/security/PrivilegedActionException'> (0x000000076d1d5e98) thrown at [J:\jenkins\tmp\workspace\build\src\hotspot\src\share\vm\prims\jvm.cpp, line 1523]

Events (10 events):
Event: 15.254 Executing VM operation: RevokeBias done
Event: 15.254 Executing VM operation: RevokeBias
Event: 15.254 Executing VM operation: RevokeBias done
Event: 15.254 Executing VM operation: RevokeBias
Event: 15.255 Executing VM operation: RevokeBias done
Event: 15.255 Executing VM operation: RevokeBias
Event: 15.255 Executing VM operation: RevokeBias done
Event: 15.255 Executing VM operation: BulkRevokeBias
Event: 15.255 Executing VM operation: BulkRevokeBias done
Event: 40.930 Thread 0x0000016c7ebd0000 Thread exited: 0x0000016c7ebd0000


Dynamic libraries:
0x00007ff6cd6b0000 - 0x00007ff6cd6ea000 	C:\Program Files\Android\jdk\jdk-8.0.302.8-hotspot\jdk8u302-b08\bin\java.exe
0x00007ff938370000 - 0x00007ff938584000 	C:\WINDOWS\SYSTEM32\ntdll.dll
0x00007ff936f50000 - 0x00007ff937012000 	C:\WINDOWS\System32\KERNEL32.DLL
0x00007ff935c30000 - 0x00007ff935fd3000 	C:\WINDOWS\System32\KERNELBASE.dll
0x00007ff936c70000 - 0x00007ff936d1e000 	C:\WINDOWS\System32\ADVAPI32.dll
0x00007ff9378a0000 - 0x00007ff937947000 	C:\WINDOWS\System32\msvcrt.dll
0x00007ff936ae0000 - 0x00007ff936b84000 	C:\WINDOWS\System32\sechost.dll
0x00007ff9379d0000 - 0x00007ff937ae7000 	C:\WINDOWS\System32\RPCRT4.dll
0x00007ff936d80000 - 0x00007ff936f2b000 	C:\WINDOWS\System32\USER32.dll
0x00007ff935a20000 - 0x00007ff935a46000 	C:\WINDOWS\System32\win32u.dll
0x00007ff936ab0000 - 0x00007ff936ad9000 	C:\WINDOWS\System32\GDI32.dll
0x00007ff935770000 - 0x00007ff935889000 	C:\WINDOWS\System32\gdi32full.dll
0x00007ff935b90000 - 0x00007ff935c2a000 	C:\WINDOWS\System32\msvcp_win.dll
0x00007ff935890000 - 0x00007ff9359a1000 	C:\WINDOWS\System32\ucrtbase.dll
0x00007ff928100000 - 0x00007ff92838e000 	C:\WINDOWS\WinSxS\amd64_microsoft.windows.common-controls_6595b64144ccf1df_6.0.22621.1635_none_270f70857386168e\COMCTL32.dll
0x00007ff9364f0000 - 0x00007ff936521000 	C:\WINDOWS\System32\IMM32.DLL
0x00007ff8df450000 - 0x00007ff8df53f000 	C:\Program Files\Android\jdk\jdk-8.0.302.8-hotspot\jdk8u302-b08\jre\bin\msvcr120.dll
0x00007ff8ddd10000 - 0x00007ff8dddb6000 	C:\Program Files\Android\jdk\jdk-8.0.302.8-hotspot\jdk8u302-b08\jre\bin\msvcp120.dll
0x00000000743a0000 - 0x0000000074c0b000 	C:\Program Files\Android\jdk\jdk-8.0.302.8-hotspot\jdk8u302-b08\jre\bin\server\jvm.dll
0x00007ff9380a0000 - 0x00007ff9380a8000 	C:\WINDOWS\System32\PSAPI.DLL
0x00007ff91e860000 - 0x00007ff91e869000 	C:\WINDOWS\SYSTEM32\WSOCK32.dll
0x00007ff929f90000 - 0x00007ff929fc4000 	C:\WINDOWS\SYSTEM32\WINMM.dll
0x00007ff927df0000 - 0x00007ff927dfa000 	C:\WINDOWS\SYSTEM32\VERSION.dll
0x00007ff937950000 - 0x00007ff9379c1000 	C:\WINDOWS\System32\WS2_32.dll
0x00007ff913360000 - 0x00007ff91336f000 	C:\Program Files\Android\jdk\jdk-8.0.302.8-hotspot\jdk8u302-b08\jre\bin\verify.dll
0x00007ff913220000 - 0x00007ff913249000 	C:\Program Files\Android\jdk\jdk-8.0.302.8-hotspot\jdk8u302-b08\jre\bin\java.dll
0x00007ff901a80000 - 0x00007ff901ab5000 	C:\Program Files\Android\jdk\jdk-8.0.302.8-hotspot\jdk8u302-b08\jre\bin\jdwp.dll
0x00007ff927bf0000 - 0x00007ff927bf8000 	C:\Program Files\Android\jdk\jdk-8.0.302.8-hotspot\jdk8u302-b08\jre\bin\npt.dll
0x00007ff904f50000 - 0x00007ff904f66000 	C:\Program Files\Android\jdk\jdk-8.0.302.8-hotspot\jdk8u302-b08\jre\bin\zip.dll
0x00007ff937030000 - 0x00007ff93782a000 	C:\WINDOWS\System32\SHELL32.dll
0x00007ff933720000 - 0x00007ff933fee000 	C:\WINDOWS\SYSTEM32\windows.storage.dll
0x00007ff936150000 - 0x00007ff9364d9000 	C:\WINDOWS\System32\combase.dll
0x00007ff9335e0000 - 0x00007ff93371e000 	C:\WINDOWS\SYSTEM32\wintypes.dll
0x00007ff9380b0000 - 0x00007ff9381a1000 	C:\WINDOWS\System32\SHCORE.dll
0x00007ff936d20000 - 0x00007ff936d7e000 	C:\WINDOWS\System32\shlwapi.dll
0x00007ff9356a0000 - 0x00007ff9356c1000 	C:\WINDOWS\SYSTEM32\profapi.dll
0x00007ff927be0000 - 0x00007ff927be9000 	C:\Program Files\Android\jdk\jdk-8.0.302.8-hotspot\jdk8u302-b08\jre\bin\dt_socket.dll
0x00007ff9122d0000 - 0x00007ff9122e7000 	C:\WINDOWS\system32\napinsp.dll
0x00007ff9122b0000 - 0x00007ff9122cb000 	C:\WINDOWS\system32\pnrpnsp.dll
0x00007ff934d20000 - 0x00007ff934d89000 	C:\WINDOWS\System32\mswsock.dll
0x00007ff9342c0000 - 0x00007ff9343b3000 	C:\WINDOWS\SYSTEM32\DNSAPI.dll
0x00007ff934290000 - 0x00007ff9342bd000 	C:\WINDOWS\SYSTEM32\IPHLPAPI.DLL
0x00007ff938070000 - 0x00007ff938079000 	C:\WINDOWS\System32\NSI.dll
0x00007ff911ee0000 - 0x00007ff911ef1000 	C:\WINDOWS\System32\winrnr.dll
0x00007ff911ec0000 - 0x00007ff911ed5000 	C:\WINDOWS\system32\wshbth.dll
0x00007ff911e90000 - 0x00007ff911eb1000 	C:\WINDOWS\system32\nlansp_c.dll
0x00007ff929370000 - 0x00007ff9293f4000 	C:\WINDOWS\System32\fwpuclnt.dll
0x00007ff929720000 - 0x00007ff92972a000 	C:\Windows\System32\rasadhlp.dll
0x00007ff90cee0000 - 0x00007ff90ceed000 	C:\Program Files\Android\jdk\jdk-8.0.302.8-hotspot\jdk8u302-b08\jre\bin\management.dll
0x0000000074370000 - 0x0000000074399000 	C:\Users\monde\AppData\Local\Temp\libgdxmonde\e787ab0a\gdx64.dll
0x00007ff8f2c80000 - 0x00007ff8f2c9a000 	C:\Program Files\Android\jdk\jdk-8.0.302.8-hotspot\jdk8u302-b08\jre\bin\net.dll
0x00007ff8f22a0000 - 0x00007ff8f22b2000 	C:\Program Files\Android\jdk\jdk-8.0.302.8-hotspot\jdk8u302-b08\jre\bin\nio.dll
0x00007ff8f3ec0000 - 0x00007ff8f3f35000 	C:\Users\monde\AppData\Local\Temp\lwjglmonde\3.3.1-build-7\lwjgl.dll
0x00007ff8dd820000 - 0x00007ff8dda79000 	C:\Users\monde\AppData\Local\Temp\lwjglmonde\3.3.1-build-7\jemalloc.dll
0x00007ff8ddde0000 - 0x00007ff8dde41000 	C:\Users\monde\AppData\Local\Temp\lwjglmonde\3.3.1-build-7\glfw.dll
0x00007ff8fa4c0000 - 0x00007ff8fa506000 	C:\WINDOWS\SYSTEM32\dinput8.dll
0x00007ff901a60000 - 0x00007ff901a71000 	C:\WINDOWS\SYSTEM32\xinput1_4.dll
0x00007ff935460000 - 0x00007ff9354ae000 	C:\WINDOWS\SYSTEM32\cfgmgr32.dll
0x00007ff935430000 - 0x00007ff93545c000 	C:\WINDOWS\SYSTEM32\DEVOBJ.dll
0x00007ff9303c0000 - 0x00007ff9303eb000 	C:\WINDOWS\SYSTEM32\dwmapi.dll
0x00007ff90f140000 - 0x00007ff90f341000 	C:\WINDOWS\SYSTEM32\inputhost.dll
0x00007ff92fdd0000 - 0x00007ff92ff03000 	C:\WINDOWS\SYSTEM32\CoreMessaging.dll
0x00007ff930190000 - 0x00007ff93023b000 	C:\WINDOWS\system32\uxtheme.dll
0x00007ff935b10000 - 0x00007ff935b8b000 	C:\WINDOWS\System32\bcryptPrimitives.dll
0x00007ff9381b0000 - 0x00007ff9382d7000 	C:\WINDOWS\System32\MSCTF.dll
0x00007ff934fa0000 - 0x00007ff934fac000 	C:\WINDOWS\SYSTEM32\CRYPTBASE.DLL
0x00007ff8cd210000 - 0x00007ff8cd3a7000 	C:\Users\monde\AppData\Local\Temp\lwjglmonde\3.3.1-build-7\OpenAL.dll
0x00007ff937d90000 - 0x00007ff937f2c000 	C:\WINDOWS\System32\ole32.dll
0x00007ff934880000 - 0x00007ff934898000 	C:\WINDOWS\SYSTEM32\kernel.appcore.dll
0x00007ff937fc0000 - 0x00007ff938070000 	C:\WINDOWS\System32\clbcatq.dll
0x00007ff9271f0000 - 0x00007ff92728d000 	C:\WINDOWS\System32\MMDevApi.dll
0x00007ff913ef0000 - 0x00007ff9140dc000 	C:\WINDOWS\SYSTEM32\AUDIOSES.DLL
0x00007ff930700000 - 0x00007ff930715000 	C:\WINDOWS\SYSTEM32\resourcepolicyclient.dll
0x00007ff934650000 - 0x00007ff93469d000 	C:\WINDOWS\SYSTEM32\powrprof.dll
0x00007ff934630000 - 0x00007ff934643000 	C:\WINDOWS\SYSTEM32\UMPDC.dll
0x00007ff911130000 - 0x00007ff911230000 	C:\WINDOWS\SYSTEM32\opengl32.dll
0x00007ff92a8b0000 - 0x00007ff92a8dd000 	C:\WINDOWS\SYSTEM32\GLU32.dll
0x00007ff930270000 - 0x00007ff9302a8000 	C:\WINDOWS\SYSTEM32\dxcore.dll
0x00007ff92dff0000 - 0x00007ff92e038000 	C:\WINDOWS\SYSTEM32\directxdatabasehelper.dll
0x00007ff928590000 - 0x00007ff9286c4000 	C:\Windows\System32\AppXDeploymentClient.dll
0x00007ff8ad040000 - 0x00007ff8ae04b000 	C:\WINDOWS\System32\DriverStore\FileRepository\iigd_dch.inf_amd64_38b23bd92a6775fe\igxelpicd64.dll
0x00007ff9302b0000 - 0x00007ff9303a6000 	C:\WINDOWS\system32\dxgi.dll
0x00007ff8b17b0000 - 0x00007ff8b1a9e000 	C:\WINDOWS\System32\DriverStore\FileRepository\iigd_dch.inf_amd64_38b23bd92a6775fe\igdml64.dll
0x00007ff9299a0000 - 0x00007ff929d68000 	C:\WINDOWS\System32\DriverStore\FileRepository\iigd_dch.inf_amd64_38b23bd92a6775fe\igdgmm64.dll
0x00007ff922fa0000 - 0x00007ff926586000 	C:\WINDOWS\System32\DriverStore\FileRepository\iigd_dch.inf_amd64_38b23bd92a6775fe\igc64.dll
0x00007ff92c6e0000 - 0x00007ff92c79c000 	C:\WINDOWS\SYSTEM32\mscms.dll
0x00007ff8f2ad0000 - 0x00007ff8f2b19000 	C:\WINDOWS\SYSTEM32\icm32.dll
0x00007ff8f2a10000 - 0x00007ff8f2a6d000 	C:\Users\monde\AppData\Local\Temp\lwjglmonde\3.3.1-build-7\lwjgl_opengl.dll
0x00007ff90edf0000 - 0x00007ff90ef1d000 	C:\WINDOWS\SYSTEM32\textinputframework.dll
0x00007ff937cb0000 - 0x00007ff937d87000 	C:\WINDOWS\System32\OLEAUT32.dll
0x00007ff92d8a0000 - 0x00007ff92dc0c000 	C:\WINDOWS\SYSTEM32\CoreUIComponents.dll
0x00007ff9330f0000 - 0x00007ff93331e000 	C:\WINDOWS\SYSTEM32\dbghelp.dll

VM Arguments:
jvm_args: -agentlib:jdwp=transport=dt_socket,server=n,suspend=y,address=localhost:44482 
java_command: com.mygdx.game.DesktopLauncher
java_class_path (initial): C:\Users\monde\AppData\Local\Temp\cp_6ptf2zwmzk5tyv4hnq8wa21ct.jar
Launcher Type: SUN_STANDARD

Environment Variables:
JAVA_HOME=C:\Program Files\Android\jdk\jdk-8.0.302.8-hotspot\jdk8u302-b08
PATH=C:\Program Files\Common Files\Oracle\Java\javapath;C:\Program Files\Microsoft\jdk-11.0.16.101-hotspot\bin;C:\Windows\system32;C:\Windows;C:\Windows\System32\Wbem;C:\Windows\System32\WindowsPowerShell\v1.0\;C:\Windows\System32\OpenSSH\;C:\Python27;C:\Program Files\Git\cmd;C:\Program Files\nodejs\;C:\Program Files\MATLAB\R2022b\bin;C:\WINDOWS\system32;C:\WINDOWS;C:\WINDOWS\System32\Wbem;C:\WINDOWS\System32\WindowsPowerShell\v1.0\;C:\WINDOWS\System32\OpenSSH\;C:\Program Files\dotnet\;C:\Program Files\Docker\Docker\resources\bin;C:\Program Files (x86)\Microsoft SQL Server\160\DTS\Binn\;C:\Program Files\Azure Data Studio\bin;C:\Program Files\Microsoft SQL Server\Client SDK\ODBC\170\Tools\Binn\;C:\Program Files (x86)\Microsoft SQL Server\150\Tools\Binn\;C:\Program Files\Microsoft SQL Server\150\Tools\Binn\;C:\Program Files\Microsoft SQL Server\150\DTS\Binn\;C:\Users\monde\AppData\Local\Programs\Python\Python310\Scripts\;C:\Users\monde\AppData\Local\Programs\Python\Python310\;C:\Users\monde\AppData\Local\Microsoft\WindowsApps;C:\Users\monde\AppData\Local\GitHubDesktop\bin;C:\Program Files\JetBrains\PyCharm 2021.3\bin;;C:\Users\monde\AppData\Local\Programs\Microsoft VS Code\bin;C:\Users\monde\AppData\Roaming\npm;C:\Users\monde\.dotnet\tools;C:\Program Files (x86)\Nmap;C:\Program Files\Azure Data Studio\bin
USERNAME=monde
OS=Windows_NT
PROCESSOR_IDENTIFIER=Intel64 Family 6 Model 140 Stepping 1, GenuineIntel



---------------  S Y S T E M  ---------------

OS: Windows 10.0 , 64 bit Build 22621 (10.0.22621.1778)

CPU:total 8 (initial active 8) (4 cores per cpu, 2 threads per core) family 6 model 140 stepping 1, cmov, cx8, fxsr, mmx, sse, sse2, sse3, ssse3, sse4.1, sse4.2, popcnt, avx, avx2, aes, clmul, erms, 3dnowpref, lzcnt, ht, tsc, tscinvbit, bmi1, bmi2, adx

Memory: 4k page, physical 16551224k(7231076k free), swap 23629112k(7717772k free)

vm_info: OpenJDK 64-Bit Server VM (25.302-b08) for windows-amd64 JRE (1.8.0_302-b08), built on Jul 20 2021 21:31:03 by "jenkins" with MS VC++ 12.0 (VS2013)

time: Mon Jun 19 16:36:04 2023
timezone: ?rodkowoeuropejski czas letni
elapsed time: 42.581558 seconds (0d 0h 0m 42s)

