#
# A fatal error has been detected by the Java Runtime Environment:
#
#  EXCEPTION_ACCESS_VIOLATION (0xc0000005) at pc=0x00007ff8ad303bcc, pid=13616, tid=0x0000000000004974
#
# JRE version: OpenJDK Runtime Environment (8.0_302-b08) (build 1.8.0_302-b08)
# Java VM: OpenJDK 64-Bit Server VM (25.302-b08 mixed mode windows-amd64 compressed oops)
# Problematic frame:
# C  [igxelpicd64.dll+0x2c3bcc]
#
# Failed to write core dump. Minidumps are not enabled by default on client versions of Windows
#
# If you would like to submit a bug report, please visit:
#   https://github.com/adoptium/adoptium-support/issues
# The crash happened outside the Java Virtual Machine in native code.
# See problematic frame for where to report the bug.
#

---------------  T H R E A D  ---------------

Current thread (0x000001798a7d5800):  JavaThread "JDWP Transport Listener: dt_socket" daemon [_thread_in_native, id=18804, stack(0x000000077cb00000,0x000000077cc00000)]

siginfo: ExceptionCode=0xc0000005, reading address 0x0000000000035718

Registers:
RAX=0x000001798e1f6018, RBX=0x000001798e1f5f10, RCX=0x0000000000002618, RDX=0x0000000000000000
RSP=0x000000077cbfe6e0, RBP=0x0000000000000000, RSI=0x000001798e1f64e0, RDI=0x000001798e389210
R8 =0x0000000000000014, R9 =0x0000000000000000, R10=0x0000000000000000, R11=0x0000000000000000
R12=0x0000000000000000, R13=0x000001798e1f2400, R14=0x0000000000002600, R15=0x0000000000000016
RIP=0x00007ff8ad303bcc, EFLAGS=0x0000000000010206

Top of Stack: (sp=0x000000077cbfe6e0)
0x000000077cbfe6e0:   000001798ca503f0 0000000000000000
0x000000077cbfe6f0:   00b723ca022e07ca 00007ff938412c94
0x000000077cbfe700:   005649cc00da74cb 0105adcd024119cd
0x000000077cbfe710:   01e099ce0283bacd 02041ccf023ee2ce
0x000000077cbfe720:   000001798dfd39a0 000000000000262e
0x000000077cbfe730:   0000000000000000 0000000000000012
0x000000077cbfe740:   0000000000000000 0000000000000000
0x000000077cbfe750:   000000077cbfe860 00007ff8ad2de02c
0x000000077cbfe760:   000001798ca503f0 000001798e389210
0x000000077cbfe770:   018839d50291c700 01c537d70258ef00
0x000000077cbfe780:   0000000700000cec 0000b80219600000
0x000000077cbfe790:   0000000000000000 01730bda022161d9
0x000000077cbfe7a0:   01c838da023e16da 013125db0184ffda
0x000000077cbfe7b0:   023ee2db02147adb 021545dc026fe5db
0x000000077cbfe7c0:   01191bdd0291afdc 00007ff8ad35fdff
0x000000077cbfe7d0:   02327bdf024329df 024feddf0244bddf 

Instructions: (pc=0x00007ff8ad303bcc)
0x00007ff8ad303bac:   83 17 01 00 00 48 8d 04 d5 21 00 00 00 48 03 c2
0x00007ff8ad303bbc:   48 8d 04 c3 48 85 c0 0f 85 2e 01 00 00 49 8b cb
0x00007ff8ad303bcc:   48 3b 8d 18 57 03 00 0f 87 f3 02 00 00 4c 39 9b
0x00007ff8ad303bdc:   48 06 00 00 0f 85 4f 1f 70 00 44 8b 97 c8 01 00 


Register to memory mapping:

RAX=0x000001798e1f6018 is an unknown value
RBX=0x000001798e1f5f10 is an unknown value
RCX=0x0000000000002618 is an unknown value
RDX=0x0000000000000000 is an unknown value
RSP=0x000000077cbfe6e0 is pointing into the stack for thread: 0x000001798a7d5800
RBP=0x0000000000000000 is an unknown value
RSI=0x000001798e1f64e0 is an unknown value
RDI=0x000001798e389210 is an unknown value
R8 =0x0000000000000014 is an unknown value
R9 =0x0000000000000000 is an unknown value
R10=0x0000000000000000 is an unknown value
R11=0x0000000000000000 is an unknown value
R12=0x0000000000000000 is an unknown value
R13=0x000001798e1f2400 is an unknown value
R14=0x0000000000002600 is an unknown value
R15=0x0000000000000016 is an unknown value


Stack: [0x000000077cb00000,0x000000077cc00000],  sp=0x000000077cbfe6e0,  free space=1017k
Native frames: (J=compiled Java code, j=interpreted, Vv=VM code, C=native code)


---------------  P R O C E S S  ---------------

Java Threads: ( => current thread )
  0x000001798e489000 JavaThread "LWJGL3 Timer" daemon [_thread_blocked, id=18416, stack(0x000000077dc00000,0x000000077dd00000)]
  0x000001798bf27800 JavaThread "Service Thread" daemon [_thread_blocked, id=22412, stack(0x000000077d200000,0x000000077d300000)]
  0x000001798bec8800 JavaThread "C1 CompilerThread3" daemon [_thread_blocked, id=5016, stack(0x000000077d100000,0x000000077d200000)]
  0x000001798a7f3800 JavaThread "C2 CompilerThread2" daemon [_thread_blocked, id=11044, stack(0x000000077d000000,0x000000077d100000)]
  0x000001798a7f3000 JavaThread "C2 CompilerThread1" daemon [_thread_blocked, id=21124, stack(0x000000077cf00000,0x000000077d000000)]
  0x000001798a7f7800 JavaThread "C2 CompilerThread0" daemon [_thread_blocked, id=11984, stack(0x000000077ce00000,0x000000077cf00000)]
  0x000001798a7e0000 JavaThread "JDWP Event Helper Thread" daemon [_thread_blocked, id=7312, stack(0x000000077cc00000,0x000000077cd00000)]
=>0x000001798a7d5800 JavaThread "JDWP Transport Listener: dt_socket" daemon [_thread_in_native, id=18804, stack(0x000000077cb00000,0x000000077cc00000)]
  0x000001798a7aa000 JavaThread "Attach Listener" daemon [_thread_blocked, id=10764, stack(0x000000077ca00000,0x000000077cb00000)]
  0x000001798a7a4800 JavaThread "Signal Dispatcher" daemon [_thread_blocked, id=15548, stack(0x000000077c900000,0x000000077ca00000)]
  0x000001798a778000 JavaThread "Finalizer" daemon [_thread_blocked, id=16024, stack(0x000000077c800000,0x000000077c900000)]
  0x000001798a768800 JavaThread "Reference Handler" daemon [_thread_blocked, id=16644, stack(0x000000077c700000,0x000000077c800000)]
  0x00000179e54ec800 JavaThread "main" [_thread_blocked, id=21592, stack(0x000000077bd00000,0x000000077be00000)]

Other Threads:
  0x00000179f63ed000 VMThread [stack: 0x000000077c600000,0x000000077c700000] [id=19292]
  0x000001798a81d800 WatcherThread [stack: 0x000000077d300000,0x000000077d400000] [id=1840]

VM state:not at safepoint (normal execution)

VM Mutex/Monitor currently owned by a thread: None

heap address: 0x00000179f6600000, size: 4042 MB, Compressed Oops mode: Non-zero based:0x00000179f65ff000, Oop shift amount: 3
Narrow klass base: 0x0000017af3000000, Narrow klass shift: 0
Compressed class space size: 1073741824 Address: 0x0000017af3000000

Heap:
 PSYoungGen      total 75776K, used 46716K [0x0000017a9ed00000, 0x0000017aa4180000, 0x0000017af3000000)
  eden space 65024K, 71% used [0x0000017a9ed00000,0x0000017aa1a9f0e0,0x0000017aa2c80000)
  from space 10752K, 0% used [0x0000017aa3700000,0x0000017aa3700000,0x0000017aa4180000)
  to   space 10752K, 0% used [0x0000017aa2c80000,0x0000017aa2c80000,0x0000017aa3700000)
 ParOldGen       total 173568K, used 0K [0x00000179f6600000, 0x0000017a00f80000, 0x0000017a9ed00000)
  object space 173568K, 0% used [0x00000179f6600000,0x00000179f6600000,0x0000017a00f80000)
 Metaspace       used 10832K, capacity 11072K, committed 11392K, reserved 1058816K
  class space    used 1007K, capacity 1126K, committed 1152K, reserved 1048576K

Card table byte_map: [0x0000017980000000,0x00000179807f0000] byte_map_base: 0x00000178c304d000

Marking Bits: (ParMarkBitMap*) 0x0000000074b8c820
 Begin Bits: [0x0000017980d40000, 0x0000017984c68000)
 End Bits:   [0x0000017984c68000, 0x0000017988b90000)

Polling page: 0x00000179e6eb0000

CodeCache: size=245760Kb used=5405Kb max_used=5416Kb free=240354Kb
 bounds [0x00000179e6ee0000, 0x00000179e7430000, 0x00000179f5ee0000]
 total_blobs=2142 nmethods=1192 adapters=870
 compilation: enabled

Compilation events (10 events):
Event: 4.338 Thread 0x000001798bec8800 1189       3       com.badlogic.gdx.graphics.glutils.ImmediateModeRenderer20::begin (15 bytes)
Event: 4.339 Thread 0x000001798bec8800 nmethod 1189 0x00000179e7417c50 code [0x00000179e7417de0, 0x00000179e7418130]
Event: 4.339 Thread 0x000001798bec8800 1188       3       java.nio.DirectIntBufferU::get (16 bytes)
Event: 4.339 Thread 0x000001798bec8800 nmethod 1188 0x00000179e7420610 code [0x00000179e7420780, 0x00000179e7420a18]
Event: 4.339 Thread 0x000001798bec8800 1190       3       com.badlogic.gdx.graphics.glutils.ShapeRenderer::begin (84 bytes)
Event: 4.339 Thread 0x000001798bec8800 nmethod 1190 0x00000179e741f610 code [0x00000179e741f800, 0x00000179e74200c0]
Event: 4.339 Thread 0x000001798bec8800 1191       3       com.badlogic.gdx.graphics.glutils.ImmediateModeRenderer20::flush (106 bytes)
Event: 4.340 Thread 0x000001798bec8800 nmethod 1191 0x00000179e741c850 code [0x00000179e741cba0, 0x00000179e741e2f0]
Event: 32.521 Thread 0x000001798a7f7800 1192       4       java.lang.Class::getName (21 bytes)
Event: 32.521 Thread 0x000001798a7f7800 nmethod 1192 0x00000179e7307650 code [0x00000179e73077a0, 0x00000179e7307868]

GC Heap History (0 events):
No events

Deoptimization events (9 events):
Event: 3.523 Thread 0x00000179e54ec800 Uncommon trap: reason=unstable_if action=reinterpret pc=0x00000179e72f8ad0 method=javazoom.jl.decoder.BitReserve.hgetbits(I)I @ 22
Event: 3.607 Thread 0x00000179e54ec800 Uncommon trap: reason=unstable_if action=reinterpret pc=0x00000179e71df5ac method=java.io.WinNTFileSystem.isLetter(C)Z @ 15
Event: 3.638 Thread 0x00000179e54ec800 Uncommon trap: reason=unstable_if action=reinterpret pc=0x00000179e733d2b4 method=javazoom.jl.decoder.huffcodetab.huffman_decoder(Ljavazoom/jl/decoder/huffcodetab;[I[I[I[ILjavazoom/jl/decoder/BitReserve;)I @ 27
Event: 3.695 Thread 0x00000179e54ec800 Uncommon trap: reason=unstable_if action=reinterpret pc=0x00000179e731ac88 method=javazoom.jl.decoder.OutputBuffer.clip(F)S @ 4
Event: 3.789 Thread 0x00000179e54ec800 Uncommon trap: reason=unstable_if action=reinterpret pc=0x00000179e73b711c method=javazoom.jl.decoder.LayerIIIDecoder.decode()V @ 210
Event: 3.850 Thread 0x00000179e54ec800 Uncommon trap: reason=unstable_if action=reinterpret pc=0x00000179e73a1a88 method=javazoom.jl.decoder.OutputBuffer.clip(F)S @ 17
Event: 3.850 Thread 0x00000179e54ec800 Uncommon trap: reason=unstable_if action=reinterpret pc=0x00000179e72ed970 method=javazoom.jl.decoder.OutputBuffer.clip(F)S @ 17
Event: 4.084 Thread 0x00000179e54ec800 Uncommon trap: reason=unstable_if action=reinterpret pc=0x00000179e7235994 method=java.io.BufferedReader.readLine(Z)Ljava/lang/String; @ 59
Event: 4.338 Thread 0x00000179e54ec800 Uncommon trap: reason=unstable_if action=reinterpret pc=0x00000179e72c7968 method=com.badlogic.gdx.utils.ObjectIntMap.locateKey(Ljava/lang/Object;)I @ 32

Classes redefined (0 events):
No events

Internal exceptions (10 events):
Event: 1.215 Thread 0x00000179e54ec800 Exception <a 'java/security/PrivilegedActionException'> (0x0000017a9fd4ff20) thrown at [J:\jenkins\tmp\workspace\build\src\hotspot\src\share\vm\prims\jvm.cpp, line 1523]
Event: 1.215 Thread 0x00000179e54ec800 Exception <a 'java/security/PrivilegedActionException'> (0x0000017a9fd50130) thrown at [J:\jenkins\tmp\workspace\build\src\hotspot\src\share\vm\prims\jvm.cpp, line 1523]
Event: 1.244 Thread 0x00000179e54ec800 Exception <a 'sun/nio/fs/WindowsException'> (0x0000017a9fd95518) thrown at [J:\jenkins\tmp\workspace\build\src\hotspot\src\share\vm\prims\jni.cpp, line 711]
Event: 1.244 Thread 0x00000179e54ec800 Exception <a 'sun/nio/fs/WindowsException'> (0x0000017a9fd95c50) thrown at [J:\jenkins\tmp\workspace\build\src\hotspot\src\share\vm\prims\jni.cpp, line 711]
Event: 1.246 Thread 0x00000179e54ec800 Exception <a 'sun/nio/fs/WindowsException'> (0x0000017a9fda69a0) thrown at [J:\jenkins\tmp\workspace\build\src\hotspot\src\share\vm\prims\jni.cpp, line 711]
Event: 1.246 Thread 0x00000179e54ec800 Exception <a 'sun/nio/fs/WindowsException'> (0x0000017a9fda6f90) thrown at [J:\jenkins\tmp\workspace\build\src\hotspot\src\share\vm\prims\jni.cpp, line 711]
Event: 1.559 Thread 0x00000179e54ec800 Exception <a 'java/security/PrivilegedActionException'> (0x0000017aa01d8ec0) thrown at [J:\jenkins\tmp\workspace\build\src\hotspot\src\share\vm\prims\jvm.cpp, line 1523]
Event: 1.559 Thread 0x00000179e54ec800 Exception <a 'java/security/PrivilegedActionException'> (0x0000017aa01d90d0) thrown at [J:\jenkins\tmp\workspace\build\src\hotspot\src\share\vm\prims\jvm.cpp, line 1523]
Event: 4.083 Thread 0x00000179e54ec800 Implicit null exception at 0x00000179e7234b05 to 0x00000179e7235971
Event: 4.338 Thread 0x00000179e54ec800 Implicit null exception at 0x00000179e72c76e3 to 0x00000179e72c7949

Events (10 events):
Event: 32.077 Executing VM operation: GetOrSetLocal done
Event: 32.518 Executing VM operation: GetOrSetLocal
Event: 32.518 Executing VM operation: GetOrSetLocal done
Event: 33.501 Executing VM operation: GetOrSetLocal
Event: 33.502 Executing VM operation: GetOrSetLocal done
Event: 37.447 Executing VM operation: GetOrSetLocal
Event: 37.447 Executing VM operation: GetOrSetLocal done
Event: 38.606 Executing VM operation: GetOrSetLocal
Event: 38.606 Executing VM operation: GetOrSetLocal done
Event: 50.138 Thread 0x000001798a7eb800 Thread exited: 0x000001798a7eb800


Dynamic libraries:
0x00007ff6cd6b0000 - 0x00007ff6cd6ea000 	C:\Program Files\Android\jdk\jdk-8.0.302.8-hotspot\jdk8u302-b08\bin\java.exe
0x00007ff938370000 - 0x00007ff938584000 	C:\WINDOWS\SYSTEM32\ntdll.dll
0x00007ff936f50000 - 0x00007ff937012000 	C:\WINDOWS\System32\KERNEL32.DLL
0x00007ff935c30000 - 0x00007ff935fd3000 	C:\WINDOWS\System32\KERNELBASE.dll
0x00007ff936c70000 - 0x00007ff936d1e000 	C:\WINDOWS\System32\ADVAPI32.dll
0x00007ff9378a0000 - 0x00007ff937947000 	C:\WINDOWS\System32\msvcrt.dll
0x00007ff936ae0000 - 0x00007ff936b84000 	C:\WINDOWS\System32\sechost.dll
0x00007ff9379d0000 - 0x00007ff937ae7000 	C:\WINDOWS\System32\RPCRT4.dll
0x00007ff936d80000 - 0x00007ff936f2b000 	C:\WINDOWS\System32\USER32.dll
0x00007ff935a20000 - 0x00007ff935a46000 	C:\WINDOWS\System32\win32u.dll
0x00007ff936ab0000 - 0x00007ff936ad9000 	C:\WINDOWS\System32\GDI32.dll
0x00007ff935770000 - 0x00007ff935889000 	C:\WINDOWS\System32\gdi32full.dll
0x00007ff935b90000 - 0x00007ff935c2a000 	C:\WINDOWS\System32\msvcp_win.dll
0x00007ff935890000 - 0x00007ff9359a1000 	C:\WINDOWS\System32\ucrtbase.dll
0x00007ff928100000 - 0x00007ff92838e000 	C:\WINDOWS\WinSxS\amd64_microsoft.windows.common-controls_6595b64144ccf1df_6.0.22621.1635_none_270f70857386168e\COMCTL32.dll
0x00007ff9364f0000 - 0x00007ff936521000 	C:\WINDOWS\System32\IMM32.DLL
0x00007ff8df450000 - 0x00007ff8df53f000 	C:\Program Files\Android\jdk\jdk-8.0.302.8-hotspot\jdk8u302-b08\jre\bin\msvcr120.dll
0x00007ff8ddd10000 - 0x00007ff8dddb6000 	C:\Program Files\Android\jdk\jdk-8.0.302.8-hotspot\jdk8u302-b08\jre\bin\msvcp120.dll
0x00000000743a0000 - 0x0000000074c0b000 	C:\Program Files\Android\jdk\jdk-8.0.302.8-hotspot\jdk8u302-b08\jre\bin\server\jvm.dll
0x00007ff9380a0000 - 0x00007ff9380a8000 	C:\WINDOWS\System32\PSAPI.DLL
0x00007ff929f90000 - 0x00007ff929fc4000 	C:\WINDOWS\SYSTEM32\WINMM.dll
0x00007ff91e860000 - 0x00007ff91e869000 	C:\WINDOWS\SYSTEM32\WSOCK32.dll
0x00007ff927df0000 - 0x00007ff927dfa000 	C:\WINDOWS\SYSTEM32\VERSION.dll
0x00007ff937950000 - 0x00007ff9379c1000 	C:\WINDOWS\System32\WS2_32.dll
0x00007ff913360000 - 0x00007ff91336f000 	C:\Program Files\Android\jdk\jdk-8.0.302.8-hotspot\jdk8u302-b08\jre\bin\verify.dll
0x00007ff913220000 - 0x00007ff913249000 	C:\Program Files\Android\jdk\jdk-8.0.302.8-hotspot\jdk8u302-b08\jre\bin\java.dll
0x00007ff92c2f0000 - 0x00007ff92c325000 	C:\Program Files\Android\jdk\jdk-8.0.302.8-hotspot\jdk8u302-b08\jre\bin\jdwp.dll
0x00007ff92f760000 - 0x00007ff92f768000 	C:\Program Files\Android\jdk\jdk-8.0.302.8-hotspot\jdk8u302-b08\jre\bin\npt.dll
0x00007ff904f50000 - 0x00007ff904f66000 	C:\Program Files\Android\jdk\jdk-8.0.302.8-hotspot\jdk8u302-b08\jre\bin\zip.dll
0x00007ff937030000 - 0x00007ff93782a000 	C:\WINDOWS\System32\SHELL32.dll
0x00007ff933720000 - 0x00007ff933fee000 	C:\WINDOWS\SYSTEM32\windows.storage.dll
0x00007ff936150000 - 0x00007ff9364d9000 	C:\WINDOWS\System32\combase.dll
0x00007ff9335e0000 - 0x00007ff93371e000 	C:\WINDOWS\SYSTEM32\wintypes.dll
0x00007ff9380b0000 - 0x00007ff9381a1000 	C:\WINDOWS\System32\SHCORE.dll
0x00007ff936d20000 - 0x00007ff936d7e000 	C:\WINDOWS\System32\shlwapi.dll
0x00007ff9356a0000 - 0x00007ff9356c1000 	C:\WINDOWS\SYSTEM32\profapi.dll
0x00007ff92f750000 - 0x00007ff92f759000 	C:\Program Files\Android\jdk\jdk-8.0.302.8-hotspot\jdk8u302-b08\jre\bin\dt_socket.dll
0x00007ff9122d0000 - 0x00007ff9122e7000 	C:\WINDOWS\system32\napinsp.dll
0x00007ff9122b0000 - 0x00007ff9122cb000 	C:\WINDOWS\system32\pnrpnsp.dll
0x00007ff934d20000 - 0x00007ff934d89000 	C:\WINDOWS\System32\mswsock.dll
0x00007ff9342c0000 - 0x00007ff9343b3000 	C:\WINDOWS\SYSTEM32\DNSAPI.dll
0x00007ff934290000 - 0x00007ff9342bd000 	C:\WINDOWS\SYSTEM32\IPHLPAPI.DLL
0x00007ff938070000 - 0x00007ff938079000 	C:\WINDOWS\System32\NSI.dll
0x00007ff911ee0000 - 0x00007ff911ef1000 	C:\WINDOWS\System32\winrnr.dll
0x00007ff911ec0000 - 0x00007ff911ed5000 	C:\WINDOWS\system32\wshbth.dll
0x00007ff911e90000 - 0x00007ff911eb1000 	C:\WINDOWS\system32\nlansp_c.dll
0x00007ff929370000 - 0x00007ff9293f4000 	C:\WINDOWS\System32\fwpuclnt.dll
0x00007ff929720000 - 0x00007ff92972a000 	C:\Windows\System32\rasadhlp.dll
0x0000000074370000 - 0x0000000074399000 	C:\Users\monde\AppData\Local\Temp\libgdxmonde\e787ab0a\gdx64.dll
0x00007ff8f2c80000 - 0x00007ff8f2c9a000 	C:\Program Files\Android\jdk\jdk-8.0.302.8-hotspot\jdk8u302-b08\jre\bin\net.dll
0x00007ff8f22a0000 - 0x00007ff8f22b2000 	C:\Program Files\Android\jdk\jdk-8.0.302.8-hotspot\jdk8u302-b08\jre\bin\nio.dll
0x00007ff90ed50000 - 0x00007ff90edc5000 	C:\Users\monde\AppData\Local\Temp\lwjglmonde\3.3.1-build-7\lwjgl.dll
0x00007ff8dda50000 - 0x00007ff8ddca9000 	C:\Users\monde\AppData\Local\Temp\lwjglmonde\3.3.1-build-7\jemalloc.dll
0x00007ff901a50000 - 0x00007ff901ab1000 	C:\Users\monde\AppData\Local\Temp\lwjglmonde\3.3.1-build-7\glfw.dll
0x00007ff8f3ed0000 - 0x00007ff8f3f16000 	C:\WINDOWS\SYSTEM32\dinput8.dll
0x00007ff929110000 - 0x00007ff929121000 	C:\WINDOWS\SYSTEM32\xinput1_4.dll
0x00007ff935460000 - 0x00007ff9354ae000 	C:\WINDOWS\SYSTEM32\cfgmgr32.dll
0x00007ff935430000 - 0x00007ff93545c000 	C:\WINDOWS\SYSTEM32\DEVOBJ.dll
0x00007ff9303c0000 - 0x00007ff9303eb000 	C:\WINDOWS\SYSTEM32\dwmapi.dll
0x00007ff90f140000 - 0x00007ff90f341000 	C:\WINDOWS\SYSTEM32\inputhost.dll
0x00007ff92fdd0000 - 0x00007ff92ff03000 	C:\WINDOWS\SYSTEM32\CoreMessaging.dll
0x00007ff930190000 - 0x00007ff93023b000 	C:\WINDOWS\system32\uxtheme.dll
0x00007ff935b10000 - 0x00007ff935b8b000 	C:\WINDOWS\System32\bcryptPrimitives.dll
0x00007ff934fa0000 - 0x00007ff934fac000 	C:\WINDOWS\SYSTEM32\CRYPTBASE.DLL
0x00007ff9381b0000 - 0x00007ff9382d7000 	C:\WINDOWS\System32\MSCTF.dll
0x00007ff8dd8b0000 - 0x00007ff8dda47000 	C:\Users\monde\AppData\Local\Temp\lwjglmonde\3.3.1-build-7\OpenAL.dll
0x00007ff937d90000 - 0x00007ff937f2c000 	C:\WINDOWS\System32\ole32.dll
0x00007ff934880000 - 0x00007ff934898000 	C:\WINDOWS\SYSTEM32\kernel.appcore.dll
0x00007ff937fc0000 - 0x00007ff938070000 	C:\WINDOWS\System32\clbcatq.dll
0x00007ff9271f0000 - 0x00007ff92728d000 	C:\WINDOWS\System32\MMDevApi.dll
0x00007ff913ef0000 - 0x00007ff9140dc000 	C:\WINDOWS\SYSTEM32\AUDIOSES.DLL
0x00007ff930700000 - 0x00007ff930715000 	C:\WINDOWS\SYSTEM32\resourcepolicyclient.dll
0x00007ff934650000 - 0x00007ff93469d000 	C:\WINDOWS\SYSTEM32\powrprof.dll
0x00007ff934630000 - 0x00007ff934643000 	C:\WINDOWS\SYSTEM32\UMPDC.dll
0x00007ff911130000 - 0x00007ff911230000 	C:\WINDOWS\SYSTEM32\opengl32.dll
0x00007ff92a8b0000 - 0x00007ff92a8dd000 	C:\WINDOWS\SYSTEM32\GLU32.dll
0x00007ff930270000 - 0x00007ff9302a8000 	C:\WINDOWS\SYSTEM32\dxcore.dll
0x00007ff92dff0000 - 0x00007ff92e038000 	C:\WINDOWS\SYSTEM32\directxdatabasehelper.dll
0x00007ff928590000 - 0x00007ff9286c4000 	C:\Windows\System32\AppXDeploymentClient.dll
0x00007ff8ad040000 - 0x00007ff8ae04b000 	C:\WINDOWS\System32\DriverStore\FileRepository\iigd_dch.inf_amd64_38b23bd92a6775fe\igxelpicd64.dll
0x00007ff9302b0000 - 0x00007ff9303a6000 	C:\WINDOWS\system32\dxgi.dll
0x00007ff8cd4a0000 - 0x00007ff8cd78e000 	C:\WINDOWS\System32\DriverStore\FileRepository\iigd_dch.inf_amd64_38b23bd92a6775fe\igdml64.dll
0x00007ff9299a0000 - 0x00007ff929d68000 	C:\WINDOWS\System32\DriverStore\FileRepository\iigd_dch.inf_amd64_38b23bd92a6775fe\igdgmm64.dll
0x00007ff922fa0000 - 0x00007ff926586000 	C:\WINDOWS\System32\DriverStore\FileRepository\iigd_dch.inf_amd64_38b23bd92a6775fe\igc64.dll
0x00007ff90edf0000 - 0x00007ff90ef1d000 	C:\WINDOWS\SYSTEM32\textinputframework.dll
0x00007ff937cb0000 - 0x00007ff937d87000 	C:\WINDOWS\System32\OLEAUT32.dll
0x00007ff92d8a0000 - 0x00007ff92dc0c000 	C:\WINDOWS\SYSTEM32\CoreUIComponents.dll
0x00007ff92c6e0000 - 0x00007ff92c79c000 	C:\WINDOWS\SYSTEM32\mscms.dll
0x00007ff8f1670000 - 0x00007ff8f16b9000 	C:\WINDOWS\SYSTEM32\icm32.dll
0x00007ff8f15b0000 - 0x00007ff8f160d000 	C:\Users\monde\AppData\Local\Temp\lwjglmonde\3.3.1-build-7\lwjgl_opengl.dll
0x00007ff9330f0000 - 0x00007ff93331e000 	C:\WINDOWS\SYSTEM32\dbghelp.dll

VM Arguments:
jvm_args: -agentlib:jdwp=transport=dt_socket,server=n,suspend=y,address=localhost:42173 
java_command: com.mygdx.game.DesktopLauncher
java_class_path (initial): C:\Users\monde\AppData\Local\Temp\cp_6ptf2zwmzk5tyv4hnq8wa21ct.jar
Launcher Type: SUN_STANDARD

Environment Variables:
JAVA_HOME=C:\Program Files\Android\jdk\jdk-8.0.302.8-hotspot\jdk8u302-b08
PATH=C:\Program Files\Common Files\Oracle\Java\javapath;C:\Program Files\Microsoft\jdk-11.0.16.101-hotspot\bin;C:\Windows\system32;C:\Windows;C:\Windows\System32\Wbem;C:\Windows\System32\WindowsPowerShell\v1.0\;C:\Windows\System32\OpenSSH\;C:\Python27;C:\Program Files\Git\cmd;C:\Program Files\nodejs\;C:\Program Files\MATLAB\R2022b\bin;C:\WINDOWS\system32;C:\WINDOWS;C:\WINDOWS\System32\Wbem;C:\WINDOWS\System32\WindowsPowerShell\v1.0\;C:\WINDOWS\System32\OpenSSH\;C:\Program Files\dotnet\;C:\Program Files\Docker\Docker\resources\bin;C:\Program Files (x86)\Microsoft SQL Server\160\DTS\Binn\;C:\Program Files\Azure Data Studio\bin;C:\Program Files\Microsoft SQL Server\Client SDK\ODBC\170\Tools\Binn\;C:\Program Files (x86)\Microsoft SQL Server\150\Tools\Binn\;C:\Program Files\Microsoft SQL Server\150\Tools\Binn\;C:\Program Files\Microsoft SQL Server\150\DTS\Binn\;C:\Users\monde\AppData\Local\Programs\Python\Python310\Scripts\;C:\Users\monde\AppData\Local\Programs\Python\Python310\;C:\Users\monde\AppData\Local\Microsoft\WindowsApps;C:\Users\monde\AppData\Local\GitHubDesktop\bin;C:\Program Files\JetBrains\PyCharm 2021.3\bin;;C:\Users\monde\AppData\Local\Programs\Microsoft VS Code\bin;C:\Users\monde\AppData\Roaming\npm;C:\Users\monde\.dotnet\tools;C:\Program Files (x86)\Nmap;C:\Program Files\Azure Data Studio\bin
USERNAME=monde
OS=Windows_NT
PROCESSOR_IDENTIFIER=Intel64 Family 6 Model 140 Stepping 1, GenuineIntel



---------------  S Y S T E M  ---------------

OS: Windows 10.0 , 64 bit Build 22621 (10.0.22621.1778)

CPU:total 8 (initial active 8) (4 cores per cpu, 2 threads per core) family 6 model 140 stepping 1, cmov, cx8, fxsr, mmx, sse, sse2, sse3, ssse3, sse4.1, sse4.2, popcnt, avx, avx2, aes, clmul, erms, 3dnowpref, lzcnt, ht, tsc, tscinvbit, bmi1, bmi2, adx

Memory: 4k page, physical 16551224k(7923668k free), swap 23629112k(9468408k free)

vm_info: OpenJDK 64-Bit Server VM (25.302-b08) for windows-amd64 JRE (1.8.0_302-b08), built on Jul 20 2021 21:31:03 by "jenkins" with MS VC++ 12.0 (VS2013)

time: Mon Jun 19 15:13:54 2023
timezone: ?rodkowoeuropejski czas letni
elapsed time: 50.219865 seconds (0d 0h 0m 50s)

